<?xml version="1.0" encoding="UTF-8"?>
<!-- Generated by org.testng.reporters.JUnitReportReporter -->
<testsuite hostname="LAPTOP-II5TGD7P" name="com.task.testng.UnKnownFailed" tests="1" failures="0" timestamp="7 Nov 2022 06:09:37 GMT" time="0.018" errors="0">
  <testcase name="me" time="0.018" classname="com.task.testng.UnKnownFailed"/>
</testsuite> <!-- com.task.testng.UnKnownFailed -->
