<?xml version="1.0" encoding="UTF-8"?>
<!-- Generated by org.testng.reporters.JUnitReportReporter -->
<testsuite hostname="LAPTOP-II5TGD7P" name="com.java.testng.DataPovider" tests="3" failures="0" timestamp="1 Nov 2022 08:15:35 GMT" time="0.081" errors="0">
  <testcase name="main" time="0.027" classname="com.java.testng.DataPovider"/>
  <testcase name="main" time="0.027" classname="com.java.testng.DataPovider"/>
  <testcase name="main" time="0.027" classname="com.java.testng.DataPovider"/>
</testsuite> <!-- com.java.testng.DataPovider -->
