<?xml version="1.0" encoding="UTF-8"?>
<!-- Generated by org.testng.reporters.JUnitReportReporter -->
<testsuite hostname="LAPTOP-II5TGD7P" name="com.java.testng.TestNG" tests="4" failures="0" timestamp="2 Nov 2022 06:02:24 GMT" time="0.018" errors="0">
  <testcase name="main1" time="0.001" classname="com.java.testng.TestNG"/>
  <testcase name="main345" time="0.001" classname="com.java.testng.TestNG"/>
  <testcase name="main23" time="0.001" classname="com.java.testng.TestNG"/>
  <testcase name="main234" time="0.015" classname="com.java.testng.TestNG"/>
</testsuite> <!-- com.java.testng.TestNG -->
