<?xml version="1.0" encoding="UTF-8"?>
<!-- Generated by org.testng.reporters.JUnitReportReporter -->
<testsuite hostname="LAPTOP-II5TGD7P" name="com.java.testng1.HomePage" tests="1" failures="0" timestamp="2 Nov 2022 15:38:03 GMT" time="22.492" errors="0">
  <testcase name="browser" time="22.492" classname="com.java.testng1.HomePage"/>
</testsuite> <!-- com.java.testng1.HomePage -->
