<?xml version="1.0" encoding="UTF-8"?>
<!-- Generated by org.testng.reporters.JUnitReportReporter -->
<testsuite hostname="LAPTOP-II5TGD7P" name="com.java.testng.bb" tests="1" failures="0" timestamp="10 Nov 2022 09:56:29 GMT" time="0.020" errors="0">
  <testcase name="m" time="0.020" classname="com.java.testng.bb"/>
</testsuite> <!-- com.java.testng.bb -->
