<?xml version="1.0" encoding="UTF-8"?>
<!-- Generated by org.testng.reporters.JUnitReportReporter -->
<testsuite hostname="LAPTOP-II5TGD7P" name="com.java.common.CommonUtils" tests="1" failures="0" timestamp="2 Nov 2022 15:58:51 GMT" time="0.115" errors="0">
  <testcase name="meth" time="0.115" classname="com.java.common.CommonUtils"/>
</testsuite> <!-- com.java.common.CommonUtils -->
