<?xml version="1.0" encoding="UTF-8"?>
<!-- Generated by org.testng.reporters.JUnitReportReporter -->
<testsuite hostname="LAPTOP-II5TGD7P" name="com.java.testng.TestNG1" tests="2" failures="0" timestamp="10 Nov 2022 07:05:31 GMT" time="0.018" errors="0">
  <testcase name="test5" time="0.017" classname="com.java.testng.TestNG1"/>
  <testcase name="test6" time="0.001" classname="com.java.testng.TestNG1"/>
</testsuite> <!-- com.java.testng.TestNG1 -->
