<?xml version="1.0" encoding="UTF-8"?>
<!-- Generated by org.testng.reporters.JUnitReportReporter -->
<testsuite hostname="LAPTOP-II5TGD7P" name="com.java.testng.TestNG1" tests="2" failures="0" timestamp="11 Nov 2022 05:58:35 GMT" time="0.004" errors="0">
  <testcase name="test6" time="0.002" classname="com.java.testng.TestNG1"/>
  <testcase name="test5" time="0.002" classname="com.java.testng.TestNG1"/>
</testsuite> <!-- com.java.testng.TestNG1 -->
